<?xml version="1.0" encoding="UTF-8"?>
<testsuite name="FunctionsTest" tests="1" skipped="0" failures="0" errors="0" timestamp="2022-03-28T21:17:23" hostname="MYBREAD" time="0.027">
  <properties/>
  <testcase name="getWordsByCharacterInList()" classname="FunctionsTest" time="0.027"/>
  <system-out><![CDATA[]]></system-out>
  <system-err><![CDATA[]]></system-err>
</testsuite>
