<?xml version="1.0" encoding="UTF-8"?>
<testsuite name="FunctionsTest" tests="1" skipped="0" failures="0" errors="0" timestamp="2022-03-27T16:10:44" hostname="MYBREAD" time="0.041">
  <properties/>
  <testcase name="sortByName()" classname="FunctionsTest" time="0.041"/>
  <system-out><![CDATA[]]></system-out>
  <system-err><![CDATA[]]></system-err>
</testsuite>
