<?xml version="1.0" encoding="UTF-8"?>
<testsuite name="FunctionsTest" tests="1" skipped="0" failures="0" errors="0" timestamp="2022-03-29T01:56:08" hostname="MYBREAD" time="0.048">
  <properties/>
  <testcase name="getListOfNumberBy()" classname="FunctionsTest" time="0.048"/>
  <system-out><![CDATA[]]></system-out>
  <system-err><![CDATA[]]></system-err>
</testsuite>
